<?xml version="1.0" encoding="UTF-8"?><testsuite errors="0" failures="1" name="Canon Financiero" skipped="0" tests="1" time="50.49" timestamp="2021-06-28 04:45:37"><testcase name="Funcionamiento Canon Finanicero"><failure message="The following error occurred: Expected enabled element was not enabled" type="net.thucydides.core.webdriver.exceptions.ElementShouldBeEnabledException">The following error occurred: Expected enabled element was not enabled</failure><system-err>The following error occurred: Expected enabled element was not enabled&#13;
co.com.choucair.certification.reto3.tasks.Principal.performAs(Principal.java:19)&#13;
co.com.choucair.certification.reto3.stepdefinitions.CanonFinancieroStepdefinitions.anaQuiereIngrsarAlSimuladorCanonFinanciero(CanonFinancieroStepdefinitions.java:22)&#13;
cucumber.runner.Runner.runPickle(Runner.java:80)&#13;
</system-err></testcase></testsuite>